TN:
SF:src\components\confirmation-modal.js
FN:4,<static_initializer>
FN:66,ConfirmationModal
FN:72,close
FN:77,confirm
FN:82,render
FNF:5
FNH:5
FNDA:1,<static_initializer>
FNDA:8,ConfirmationModal
FNDA:1,close
FNDA:1,confirm
FNDA:11,render
DA:1,1
DA:2,1
DA:3,1
DA:4,1
DA:5,1
DA:6,1
DA:7,1
DA:8,1
DA:9,1
DA:10,1
DA:11,1
DA:12,1
DA:13,1
DA:14,1
DA:15,1
DA:16,1
DA:17,1
DA:18,1
DA:19,1
DA:20,1
DA:21,1
DA:22,1
DA:23,1
DA:24,1
DA:25,1
DA:26,1
DA:27,1
DA:28,1
DA:29,1
DA:30,1
DA:31,1
DA:32,1
DA:33,1
DA:34,1
DA:35,1
DA:36,1
DA:37,1
DA:38,1
DA:39,1
DA:40,1
DA:41,1
DA:42,1
DA:43,1
DA:44,1
DA:45,1
DA:46,1
DA:47,1
DA:48,1
DA:49,1
DA:50,1
DA:51,1
DA:52,1
DA:53,1
DA:54,1
DA:55,1
DA:56,1
DA:57,1
DA:58,1
DA:59,1
DA:60,1
DA:61,1
DA:62,1
DA:63,1
DA:64,1
DA:65,1
DA:66,1
DA:67,8
DA:68,8
DA:69,8
DA:70,8
DA:71,1
DA:72,1
DA:73,1
DA:74,1
DA:75,1
DA:76,1
DA:77,1
DA:78,1
DA:79,1
DA:80,1
DA:81,1
DA:82,1
DA:83,11
DA:84,6
DA:85,6
DA:86,5
DA:87,5
DA:88,5
DA:89,5
DA:90,11
DA:91,11
DA:92,11
DA:93,11
DA:94,11
DA:95,11
DA:96,11
DA:97,11
DA:98,11
DA:99,1
DA:100,1
DA:101,1
LF:101
LH:101
BRDA:1,0,0,1
BRDA:4,1,0,1
BRDA:66,2,0,8
BRDA:72,3,0,1
BRDA:77,4,0,1
BRDA:82,5,0,11
BRDA:83,6,0,6
BRDA:86,7,0,5
BRDA:90,8,0,4
BRF:9
BRH:9
end_of_record
TN:
SF:src\components\date-input.js
FN:4,<static_initializer>
FN:55,DateInput
FN:63,handleInput
FN:73,render
FNF:4
FNH:4
FNDA:1,<static_initializer>
FNDA:7,DateInput
FNDA:1,handleInput
FNDA:6,render
DA:1,1
DA:2,1
DA:3,1
DA:4,1
DA:5,1
DA:6,1
DA:7,1
DA:8,1
DA:9,1
DA:10,1
DA:11,1
DA:12,1
DA:13,1
DA:14,1
DA:15,1
DA:16,1
DA:17,1
DA:18,1
DA:19,1
DA:20,1
DA:21,1
DA:22,1
DA:23,1
DA:24,1
DA:25,1
DA:26,1
DA:27,1
DA:28,1
DA:29,1
DA:30,1
DA:31,1
DA:32,1
DA:33,1
DA:34,1
DA:35,1
DA:36,1
DA:37,1
DA:38,1
DA:39,1
DA:40,1
DA:41,1
DA:42,1
DA:43,1
DA:44,1
DA:45,1
DA:46,1
DA:47,1
DA:48,1
DA:49,1
DA:50,1
DA:51,1
DA:52,1
DA:53,1
DA:54,1
DA:55,1
DA:56,7
DA:57,7
DA:58,7
DA:59,7
DA:60,7
DA:61,7
DA:62,1
DA:63,1
DA:64,1
DA:65,1
DA:66,1
DA:67,1
DA:68,1
DA:69,1
DA:70,1
DA:71,1
DA:72,1
DA:73,1
DA:74,6
DA:75,6
DA:76,6
DA:77,6
DA:78,6
DA:79,6
DA:80,6
DA:81,6
DA:82,6
DA:83,6
DA:84,6
DA:85,6
DA:86,6
DA:87,6
DA:88,6
DA:89,6
DA:90,6
DA:91,1
DA:92,1
DA:93,1
LF:93
LH:93
BRDA:1,0,0,1
BRDA:4,1,0,1
BRDA:55,2,0,7
BRDA:63,3,0,1
BRDA:73,4,0,6
BRDA:82,5,0,2
BRDA:82,6,0,4
BRDA:86,7,0,2
BRDA:87,8,0,4
BRF:9
BRH:9
end_of_record
TN:
SF:src\components\employee-form.js
FN:7,<static_initializer>
FN:13,EmployeeForm
FN:29,<instance_members_initializer>
FN:43,errorMap
FN:46,errorMap
FN:50,validateForm
FN:93,handleInputChange
FN:98,handleSubmit
FN:111,render
FNF:9
FNH:7
FNDA:1,<static_initializer>
FNDA:8,EmployeeForm
FNDA:8,<instance_members_initializer>
FNDA:0,errorMap
FNDA:0,errorMap
FNDA:3,validateForm
FNDA:1,handleInputChange
FNDA:3,handleSubmit
FNDA:11,render
DA:1,1
DA:2,1
DA:3,1
DA:4,1
DA:5,1
DA:6,1
DA:7,1
DA:8,1
DA:9,1
DA:10,1
DA:11,1
DA:12,1
DA:13,1
DA:14,8
DA:15,8
DA:16,8
DA:17,8
DA:18,8
DA:19,8
DA:20,8
DA:21,8
DA:22,8
DA:23,8
DA:24,8
DA:25,8
DA:26,8
DA:27,8
DA:28,1
DA:29,1
DA:30,8
DA:31,8
DA:32,8
DA:33,8
DA:34,8
DA:35,8
DA:36,8
DA:37,8
DA:38,8
DA:39,8
DA:40,8
DA:41,8
DA:42,8
DA:43,8
DA:44,8
DA:45,8
DA:46,8
DA:47,8
DA:48,1
DA:49,1
DA:50,1
DA:51,3
DA:52,3
DA:53,3
DA:54,3
DA:55,3
DA:56,3
DA:57,50
DA:58,1
DA:59,3
DA:60,3
DA:61,3
DA:62,50
DA:63,1
DA:64,3
DA:65,3
DA:66,3
DA:67,1
DA:68,1
DA:69,1
DA:70,1
DA:71,1
DA:72,1
DA:73,1
DA:74,1
DA:75,1
DA:76,1
DA:77,1
DA:78,1
DA:79,1
DA:80,1
DA:81,1
DA:82,3
DA:83,2
DA:84,1
DA:85,8
DA:86,8
DA:87,1
DA:88,1
DA:89,2
DA:90,2
DA:91,3
DA:92,1
DA:93,1
DA:94,1
DA:95,1
DA:96,1
DA:97,1
DA:98,1
DA:99,3
DA:100,3
DA:101,1
DA:102,1
DA:103,1
DA:104,1
DA:105,1
DA:106,1
DA:107,1
DA:108,1
DA:109,3
DA:110,1
DA:111,1
DA:112,11
DA:113,11
DA:114,11
DA:115,11
DA:116,11
DA:117,11
DA:118,11
DA:119,11
DA:120,11
DA:121,11
DA:122,11
DA:123,11
DA:124,11
DA:125,11
DA:126,11
DA:127,11
DA:128,11
DA:129,11
DA:130,11
DA:131,11
DA:132,11
DA:133,11
DA:134,11
DA:135,11
DA:136,11
DA:137,11
DA:138,11
DA:139,11
DA:140,11
DA:141,11
DA:142,11
DA:143,11
DA:144,11
DA:145,11
DA:146,11
DA:147,11
DA:148,11
DA:149,11
DA:150,11
DA:151,11
DA:152,11
DA:153,11
DA:154,11
DA:155,11
DA:156,11
DA:157,11
DA:158,11
DA:159,11
DA:160,11
DA:161,11
DA:162,11
DA:163,11
DA:164,11
DA:165,11
DA:166,11
DA:167,11
DA:168,11
DA:169,11
DA:170,11
DA:171,11
DA:172,11
DA:173,11
DA:174,11
DA:175,11
DA:176,11
DA:177,11
DA:178,11
DA:179,1
DA:180,1
DA:181,1
LF:181
LH:181
BRDA:1,0,0,1
BRDA:7,1,0,1
BRDA:13,2,0,8
BRDA:29,3,0,8
BRDA:50,4,0,3
BRDA:66,5,0,1
BRDA:66,6,0,1
BRDA:82,7,0,2
BRDA:83,8,0,1
BRDA:56,9,0,50
BRDA:57,10,0,1
BRDA:58,11,0,0
BRDA:61,12,0,50
BRDA:62,13,0,1
BRDA:63,14,0,0
BRDA:84,15,0,8
BRDA:93,16,0,1
BRDA:98,17,0,3
BRDA:100,18,0,1
BRDA:111,19,0,11
BRDA:121,20,0,10
BRDA:128,21,0,10
BRDA:135,22,0,10
BRDA:142,23,0,10
BRDA:149,24,0,9
BRDA:156,25,0,9
BRDA:174,26,0,10
BRDA:174,27,0,1
BRF:28
BRH:26
end_of_record
TN:
SF:src\components\employee-grid.js
FN:4,<static_initializer>
FN:22,EmployeeGrid
FN:27,render
FNF:3
FNH:3
FNDA:1,<static_initializer>
FNDA:4,EmployeeGrid
FNDA:3,render
DA:1,1
DA:2,1
DA:3,1
DA:4,1
DA:5,1
DA:6,1
DA:7,1
DA:8,1
DA:9,1
DA:10,1
DA:11,1
DA:12,1
DA:13,1
DA:14,1
DA:15,1
DA:16,1
DA:17,1
DA:18,1
DA:19,1
DA:20,1
DA:21,1
DA:22,1
DA:23,4
DA:24,4
DA:25,4
DA:26,1
DA:27,1
DA:28,3
DA:29,3
DA:30,3
DA:31,3
DA:32,2
DA:33,2
DA:34,2
DA:35,2
DA:36,2
DA:37,2
DA:38,2
DA:39,3
DA:40,3
DA:41,3
DA:42,3
DA:43,1
DA:44,1
DA:45,1
LF:45
LH:45
BRDA:1,0,0,1
BRDA:4,1,0,1
BRDA:22,2,0,4
BRDA:27,3,0,3
BRDA:31,4,0,2
BRF:5
BRH:5
end_of_record
TN:
SF:src\components\employee-table.js
FN:6,<static_initializer>
FN:70,EmployeeTable
FN:77,openModal
FN:82,closeModal
FN:87,confirmDelete
FN:99,dispatchSort
FN:103,dispatchEdit
FN:107,render
FNF:8
FNH:8
FNDA:1,<static_initializer>
FNDA:7,EmployeeTable
FNDA:2,openModal
FNDA:2,closeModal
FNDA:1,confirmDelete
FNDA:1,dispatchSort
FNDA:1,dispatchEdit
FNDA:10,render
DA:1,1
DA:2,1
DA:3,1
DA:4,1
DA:5,1
DA:6,1
DA:7,1
DA:8,1
DA:9,1
DA:10,1
DA:11,1
DA:12,1
DA:13,1
DA:14,1
DA:15,1
DA:16,1
DA:17,1
DA:18,1
DA:19,1
DA:20,1
DA:21,1
DA:22,1
DA:23,1
DA:24,1
DA:25,1
DA:26,1
DA:27,1
DA:28,1
DA:29,1
DA:30,1
DA:31,1
DA:32,1
DA:33,1
DA:34,1
DA:35,1
DA:36,1
DA:37,1
DA:38,1
DA:39,1
DA:40,1
DA:41,1
DA:42,1
DA:43,1
DA:44,1
DA:45,1
DA:46,1
DA:47,1
DA:48,1
DA:49,1
DA:50,1
DA:51,1
DA:52,1
DA:53,1
DA:54,1
DA:55,1
DA:56,1
DA:57,1
DA:58,1
DA:59,1
DA:60,1
DA:61,1
DA:62,1
DA:63,1
DA:64,1
DA:65,1
DA:66,1
DA:67,1
DA:68,1
DA:69,1
DA:70,1
DA:71,7
DA:72,7
DA:73,7
DA:74,7
DA:75,7
DA:76,1
DA:77,1
DA:78,2
DA:79,2
DA:80,2
DA:81,1
DA:82,1
DA:83,2
DA:84,2
DA:85,2
DA:86,1
DA:87,1
DA:88,1
DA:89,1
DA:90,1
DA:91,1
DA:92,1
DA:93,1
DA:94,1
DA:95,1
DA:96,1
DA:97,1
DA:98,1
DA:99,1
DA:100,1
DA:101,1
DA:102,1
DA:103,1
DA:104,1
DA:105,1
DA:106,1
DA:107,1
DA:108,10
DA:109,10
DA:110,10
DA:111,10
DA:112,10
DA:113,10
DA:114,10
DA:115,10
DA:116,10
DA:117,10
DA:118,10
DA:119,10
DA:120,10
DA:121,10
DA:122,10
DA:123,10
DA:124,10
DA:125,10
DA:126,10
DA:127,18
DA:128,18
DA:129,18
DA:130,18
DA:131,18
DA:132,18
DA:133,18
DA:134,18
DA:135,18
DA:136,18
DA:137,18
DA:138,18
DA:139,18
DA:140,18
DA:141,18
DA:142,18
DA:143,18
DA:144,18
DA:145,18
DA:146,18
DA:147,18
DA:148,18
DA:149,18
DA:150,18
DA:151,18
DA:152,18
DA:153,18
DA:154,18
DA:155,10
DA:156,10
DA:157,10
DA:158,10
DA:159,10
DA:160,10
DA:161,10
DA:162,10
DA:163,10
DA:164,10
DA:165,10
DA:166,10
DA:167,1
DA:168,1
DA:169,1
LF:169
LH:169
BRDA:1,0,0,1
BRDA:6,1,0,1
BRDA:70,2,0,7
BRDA:77,3,0,2
BRDA:82,4,0,2
BRDA:87,5,0,1
BRDA:88,6,0,1
BRDA:99,7,0,1
BRDA:103,8,0,1
BRDA:107,9,0,10
BRDA:113,10,0,1
BRDA:126,11,0,18
BRDA:141,12,0,1
BRF:13
BRH:13
end_of_record
TN:
SF:src\components\layout-component.js
FN:5,<static_initializer>
FN:56,handleCreate
FN:60,handleLogoClick
FN:64,render
FNF:4
FNH:4
FNDA:1,<static_initializer>
FNDA:1,handleCreate
FNDA:1,handleLogoClick
FNDA:7,render
DA:1,1
DA:2,1
DA:3,1
DA:4,1
DA:5,1
DA:6,1
DA:7,1
DA:8,1
DA:9,1
DA:10,1
DA:11,1
DA:12,1
DA:13,1
DA:14,1
DA:15,1
DA:16,1
DA:17,1
DA:18,1
DA:19,1
DA:20,1
DA:21,1
DA:22,1
DA:23,1
DA:24,1
DA:25,1
DA:26,1
DA:27,1
DA:28,1
DA:29,1
DA:30,1
DA:31,1
DA:32,1
DA:33,1
DA:34,1
DA:35,1
DA:36,1
DA:37,1
DA:38,1
DA:39,1
DA:40,1
DA:41,1
DA:42,1
DA:43,1
DA:44,1
DA:45,1
DA:46,1
DA:47,1
DA:48,1
DA:49,1
DA:50,1
DA:51,1
DA:52,1
DA:53,1
DA:54,1
DA:55,1
DA:56,1
DA:57,1
DA:58,1
DA:59,1
DA:60,1
DA:61,1
DA:62,1
DA:63,1
DA:64,1
DA:65,7
DA:66,7
DA:67,7
DA:68,7
DA:69,7
DA:70,7
DA:71,7
DA:72,7
DA:73,7
DA:74,7
DA:75,7
DA:76,7
DA:77,7
DA:78,7
DA:79,7
DA:80,7
DA:81,7
DA:82,7
DA:83,1
DA:84,1
DA:85,1
LF:85
LH:85
BRDA:1,0,0,1
BRDA:5,1,0,1
BRDA:56,2,0,1
BRDA:60,3,0,1
BRDA:64,4,0,7
BRF:5
BRH:5
end_of_record
TN:
SF:src\components\pagination-component.js
FN:4,<static_initializer>
FN:65,PaginationComponent
FN:72,dispatchPageChange
FN:78,getVisiblePageRange
FN:90,render
FNF:5
FNH:5
FNDA:1,<static_initializer>
FNDA:10,PaginationComponent
FNDA:3,dispatchPageChange
FNDA:9,getVisiblePageRange
FNDA:9,render
DA:1,1
DA:2,1
DA:3,1
DA:4,1
DA:5,1
DA:6,1
DA:7,1
DA:8,1
DA:9,1
DA:10,1
DA:11,1
DA:12,1
DA:13,1
DA:14,1
DA:15,1
DA:16,1
DA:17,1
DA:18,1
DA:19,1
DA:20,1
DA:21,1
DA:22,1
DA:23,1
DA:24,1
DA:25,1
DA:26,1
DA:27,1
DA:28,1
DA:29,1
DA:30,1
DA:31,1
DA:32,1
DA:33,1
DA:34,1
DA:35,1
DA:36,1
DA:37,1
DA:38,1
DA:39,1
DA:40,1
DA:41,1
DA:42,1
DA:43,1
DA:44,1
DA:45,1
DA:46,1
DA:47,1
DA:48,1
DA:49,1
DA:50,1
DA:51,1
DA:52,1
DA:53,1
DA:54,1
DA:55,1
DA:56,1
DA:57,1
DA:58,1
DA:59,1
DA:60,1
DA:61,1
DA:62,1
DA:63,1
DA:64,1
DA:65,1
DA:66,10
DA:67,10
DA:68,10
DA:69,10
DA:70,10
DA:71,1
DA:72,1
DA:73,3
DA:74,3
DA:75,3
DA:76,3
DA:77,1
DA:78,1
DA:79,9
DA:80,9
DA:81,9
DA:82,9
DA:83,9
DA:84,2
DA:85,2
DA:86,9
DA:87,9
DA:88,9
DA:89,1
DA:90,1
DA:91,9
DA:92,9
DA:93,9
DA:94,9
DA:95,9
DA:96,9
DA:97,9
DA:98,9
DA:99,9
DA:100,9
DA:101,9
DA:102,9
DA:103,9
DA:104,9
DA:105,9
DA:106,9
DA:107,41
DA:108,41
DA:109,41
DA:110,41
DA:111,41
DA:112,41
DA:113,41
DA:114,41
DA:115,9
DA:116,9
DA:117,9
DA:118,9
DA:119,9
DA:120,9
DA:121,9
DA:122,9
DA:123,9
DA:124,9
DA:125,9
DA:126,9
DA:127,9
DA:128,1
DA:129,1
DA:130,1
LF:130
LH:130
BRDA:1,0,0,1
BRDA:4,1,0,1
BRDA:65,2,0,10
BRDA:72,3,0,3
BRDA:78,4,0,9
BRDA:83,5,0,2
BRDA:87,6,0,41
BRDA:90,7,0,9
BRDA:99,8,0,1
BRDA:106,9,0,41
BRDA:108,10,0,9
BRDA:108,11,0,32
BRDA:110,12,0,1
BRDA:121,13,0,1
BRF:14
BRH:14
end_of_record
TN:
SF:src\components\select-input.js
FN:4,<static_initializer>
FN:61,SelectInput
FN:70,handleInput
FN:80,render
FNF:4
FNH:4
FNDA:1,<static_initializer>
FNDA:9,SelectInput
FNDA:1,handleInput
FNDA:8,render
DA:1,1
DA:2,1
DA:3,1
DA:4,1
DA:5,1
DA:6,1
DA:7,1
DA:8,1
DA:9,1
DA:10,1
DA:11,1
DA:12,1
DA:13,1
DA:14,1
DA:15,1
DA:16,1
DA:17,1
DA:18,1
DA:19,1
DA:20,1
DA:21,1
DA:22,1
DA:23,1
DA:24,1
DA:25,1
DA:26,1
DA:27,1
DA:28,1
DA:29,1
DA:30,1
DA:31,1
DA:32,1
DA:33,1
DA:34,1
DA:35,1
DA:36,1
DA:37,1
DA:38,1
DA:39,1
DA:40,1
DA:41,1
DA:42,1
DA:43,1
DA:44,1
DA:45,1
DA:46,1
DA:47,1
DA:48,1
DA:49,1
DA:50,1
DA:51,1
DA:52,1
DA:53,1
DA:54,1
DA:55,1
DA:56,1
DA:57,1
DA:58,1
DA:59,1
DA:60,1
DA:61,1
DA:62,9
DA:63,9
DA:64,9
DA:65,9
DA:66,9
DA:67,9
DA:68,9
DA:69,1
DA:70,1
DA:71,1
DA:72,1
DA:73,1
DA:74,1
DA:75,1
DA:76,1
DA:77,1
DA:78,1
DA:79,1
DA:80,1
DA:81,8
DA:82,8
DA:83,8
DA:84,8
DA:85,8
DA:86,8
DA:87,8
DA:88,8
DA:89,8
DA:90,8
DA:91,8
DA:92,8
DA:93,7
DA:94,7
DA:95,7
DA:96,7
DA:97,8
DA:98,8
DA:99,8
DA:100,8
DA:101,8
DA:102,8
DA:103,8
DA:104,8
DA:105,1
DA:106,1
DA:107,1
LF:107
LH:107
BRDA:1,0,0,1
BRDA:4,1,0,1
BRDA:61,2,0,9
BRDA:70,3,0,1
BRDA:80,4,0,8
BRDA:87,5,0,2
BRDA:87,6,0,6
BRDA:100,7,0,2
BRDA:101,8,0,6
BRDA:92,9,0,7
BRF:10
BRH:10
end_of_record
TN:
SF:src\components\text-input.js
FN:4,<static_initializer>
FN:53,TextInput
FN:61,handleInput
FN:71,render
FNF:4
FNH:4
FNDA:1,<static_initializer>
FNDA:9,TextInput
FNDA:1,handleInput
FNDA:9,render
DA:1,1
DA:2,1
DA:3,1
DA:4,1
DA:5,1
DA:6,1
DA:7,1
DA:8,1
DA:9,1
DA:10,1
DA:11,1
DA:12,1
DA:13,1
DA:14,1
DA:15,1
DA:16,1
DA:17,1
DA:18,1
DA:19,1
DA:20,1
DA:21,1
DA:22,1
DA:23,1
DA:24,1
DA:25,1
DA:26,1
DA:27,1
DA:28,1
DA:29,1
DA:30,1
DA:31,1
DA:32,1
DA:33,1
DA:34,1
DA:35,1
DA:36,1
DA:37,1
DA:38,1
DA:39,1
DA:40,1
DA:41,1
DA:42,1
DA:43,1
DA:44,1
DA:45,1
DA:46,1
DA:47,1
DA:48,1
DA:49,1
DA:50,1
DA:51,1
DA:52,1
DA:53,1
DA:54,9
DA:55,9
DA:56,9
DA:57,9
DA:58,9
DA:59,9
DA:60,1
DA:61,1
DA:62,1
DA:63,1
DA:64,1
DA:65,1
DA:66,1
DA:67,1
DA:68,1
DA:69,1
DA:70,1
DA:71,1
DA:72,9
DA:73,9
DA:74,9
DA:75,9
DA:76,9
DA:77,9
DA:78,9
DA:79,9
DA:80,9
DA:81,9
DA:82,9
DA:83,9
DA:84,9
DA:85,9
DA:86,9
DA:87,9
DA:88,9
DA:89,1
DA:90,1
DA:91,1
LF:91
LH:91
BRDA:1,0,0,1
BRDA:4,1,0,1
BRDA:53,2,0,9
BRDA:61,3,0,1
BRDA:71,4,0,9
BRDA:80,5,0,3
BRDA:80,6,0,6
BRDA:84,7,0,3
BRDA:85,8,0,6
BRF:9
BRH:9
end_of_record
TN:
SF:src\components\toast-message.js
FN:6,<static_initializer>
FN:44,ToastMessage
FN:50,connectedCallback
FN:60,updateStateFromStore
FN:75,disconnectedCallback
FN:81,render
FNF:6
FNH:6
FNDA:1,<static_initializer>
FNDA:6,ToastMessage
FNDA:5,connectedCallback
FNDA:11,updateStateFromStore
FNDA:5,disconnectedCallback
FNDA:10,render
DA:1,1
DA:2,1
DA:3,1
DA:4,1
DA:5,1
DA:6,1
DA:7,1
DA:8,1
DA:9,1
DA:10,1
DA:11,1
DA:12,1
DA:13,1
DA:14,1
DA:15,1
DA:16,1
DA:17,1
DA:18,1
DA:19,1
DA:20,1
DA:21,1
DA:22,1
DA:23,1
DA:24,1
DA:25,1
DA:26,1
DA:27,1
DA:28,1
DA:29,1
DA:30,1
DA:31,1
DA:32,1
DA:33,1
DA:34,1
DA:35,1
DA:36,1
DA:37,1
DA:38,1
DA:39,1
DA:40,1
DA:41,1
DA:42,1
DA:43,1
DA:44,1
DA:45,6
DA:46,6
DA:47,6
DA:48,6
DA:49,1
DA:50,1
DA:51,5
DA:52,5
DA:53,6
DA:54,6
DA:55,5
DA:56,5
DA:57,5
DA:58,5
DA:59,1
DA:60,1
DA:61,11
DA:62,11
DA:63,11
DA:64,11
DA:65,11
DA:66,11
DA:67,6
DA:68,2
DA:69,6
DA:70,6
DA:71,11
DA:72,11
DA:73,11
DA:74,1
DA:75,1
DA:76,5
DA:77,5
DA:78,5
DA:79,1
DA:80,1
DA:81,1
DA:82,10
DA:83,10
DA:84,10
DA:85,10
DA:86,10
DA:87,10
DA:88,1
DA:89,1
DA:90,1
LF:90
LH:90
BRDA:1,0,0,1
BRDA:6,1,0,1
BRDA:44,2,0,6
BRDA:50,3,0,5
BRDA:52,4,0,6
BRDA:60,5,0,11
BRDA:66,6,0,6
BRDA:67,7,0,2
BRDA:75,8,0,5
BRDA:81,9,0,10
BRDA:83,10,0,6
BRDA:83,11,0,4
BRF:12
BRH:12
end_of_record
TN:
SF:src\pages\create-page.js
FN:8,handleFormSubmit
FN:15,render
FNF:2
FNH:2
FNDA:3,handleFormSubmit
FNDA:4,render
DA:1,1
DA:2,1
DA:3,1
DA:4,1
DA:5,1
DA:6,1
DA:7,1
DA:8,1
DA:9,3
DA:10,3
DA:11,3
DA:12,3
DA:13,3
DA:14,1
DA:15,1
DA:16,4
DA:17,4
DA:18,4
DA:19,4
DA:20,4
DA:21,4
DA:22,4
DA:23,1
DA:24,1
DA:25,1
LF:25
LH:25
BRDA:1,0,0,1
BRDA:8,1,0,3
BRDA:15,2,0,4
BRF:3
BRH:3
end_of_record
TN:
SF:src\pages\edit-page.js
FN:9,<static_initializer>
FN:14,EditPage
FN:20,onBeforeEnter
FN:25,connectedCallback
FN:31,handleFormSubmit
FN:38,render
FNF:6
FNH:5
FNDA:1,<static_initializer>
FNDA:3,EditPage
FNDA:0,onBeforeEnter
FNDA:3,connectedCallback
FNDA:1,handleFormSubmit
FNDA:4,render
DA:1,1
DA:2,1
DA:3,1
DA:4,1
DA:5,1
DA:6,1
DA:7,1
DA:8,1
DA:9,1
DA:10,1
DA:11,1
DA:12,1
DA:13,1
DA:14,1
DA:15,3
DA:16,3
DA:17,3
DA:18,3
DA:19,1
DA:20,1
DA:21,0
DA:22,0
DA:23,0
DA:24,1
DA:25,1
DA:26,3
DA:27,3
DA:28,3
DA:29,3
DA:30,1
DA:31,1
DA:32,1
DA:33,1
DA:34,1
DA:35,1
DA:36,1
DA:37,1
DA:38,1
DA:39,4
DA:40,4
DA:41,4
DA:42,4
DA:43,4
DA:44,4
DA:45,4
DA:46,1
DA:47,1
DA:48,1
LF:48
LH:45
BRDA:1,0,0,1
BRDA:9,1,0,1
BRDA:14,2,0,3
BRDA:25,3,0,3
BRDA:31,4,0,1
BRDA:38,5,0,4
BRF:6
BRH:6
end_of_record
TN:
SF:src\pages\list-page.js
FN:22,<static_initializer>
FN:70,ListPage
FN:84,updateStateFromStore
FN:93,disconnectedCallback
FN:98,handleSort
FN:103,handleDelete
FN:108,handleEdit
FN:113,handleSearch
FN:118,handlePageChange
FN:123,changeViewMode
FN:127,render
FNF:11
FNH:6
FNDA:1,<static_initializer>
FNDA:3,ListPage
FNDA:7,updateStateFromStore
FNDA:2,disconnectedCallback
FNDA:0,handleSort
FNDA:0,handleDelete
FNDA:0,handleEdit
FNDA:0,handleSearch
FNDA:0,handlePageChange
FNDA:2,changeViewMode
FNDA:3,render
DA:1,1
DA:2,1
DA:3,1
DA:4,1
DA:5,1
DA:6,1
DA:7,1
DA:8,1
DA:9,1
DA:10,1
DA:11,1
DA:12,1
DA:13,1
DA:14,1
DA:15,1
DA:16,1
DA:17,1
DA:18,1
DA:19,1
DA:20,1
DA:21,1
DA:22,1
DA:23,1
DA:24,1
DA:25,1
DA:26,1
DA:27,1
DA:28,1
DA:29,1
DA:30,1
DA:31,1
DA:32,1
DA:33,1
DA:34,1
DA:35,1
DA:36,1
DA:37,1
DA:38,1
DA:39,1
DA:40,1
DA:41,1
DA:42,1
DA:43,1
DA:44,1
DA:45,1
DA:46,1
DA:47,1
DA:48,1
DA:49,1
DA:50,1
DA:51,1
DA:52,1
DA:53,1
DA:54,1
DA:55,1
DA:56,1
DA:57,1
DA:58,1
DA:59,1
DA:60,1
DA:61,1
DA:62,1
DA:63,1
DA:64,1
DA:65,1
DA:66,1
DA:67,1
DA:68,1
DA:69,1
DA:70,1
DA:71,3
DA:72,3
DA:73,3
DA:74,3
DA:75,3
DA:76,3
DA:77,3
DA:78,4
DA:79,3
DA:80,3
DA:81,3
DA:82,3
DA:83,1
DA:84,1
DA:85,7
DA:86,7
DA:87,7
DA:88,7
DA:89,7
DA:90,7
DA:91,7
DA:92,1
DA:93,1
DA:94,2
DA:95,2
DA:96,2
DA:97,1
DA:98,1
DA:99,0
DA:100,0
DA:101,0
DA:102,1
DA:103,1
DA:104,0
DA:105,0
DA:106,0
DA:107,1
DA:108,1
DA:109,0
DA:110,0
DA:111,0
DA:112,1
DA:113,1
DA:114,0
DA:115,0
DA:116,0
DA:117,1
DA:118,1
DA:119,0
DA:120,0
DA:121,0
DA:122,1
DA:123,1
DA:124,2
DA:125,2
DA:126,1
DA:127,1
DA:128,3
DA:129,3
DA:130,3
DA:131,3
DA:132,3
DA:133,3
DA:134,3
DA:135,3
DA:136,3
DA:137,3
DA:138,3
DA:139,3
DA:140,3
DA:141,3
DA:142,3
DA:143,3
DA:144,3
DA:145,3
DA:146,3
DA:147,3
DA:148,3
DA:149,3
DA:150,3
DA:151,3
DA:152,3
DA:153,3
DA:154,3
DA:155,3
DA:156,3
DA:157,3
DA:158,3
DA:159,3
DA:160,3
DA:161,3
DA:162,3
DA:163,3
DA:164,3
DA:165,3
DA:166,3
DA:167,3
DA:168,3
DA:169,3
DA:170,3
DA:171,3
DA:172,3
DA:173,3
DA:174,1
DA:175,1
DA:176,1
LF:176
LH:161
BRDA:1,0,0,1
BRDA:22,1,0,1
BRDA:70,2,0,3
BRDA:77,3,0,4
BRDA:84,4,0,7
BRDA:93,5,0,2
BRDA:123,6,0,2
BRDA:127,7,0,3
BRDA:164,8,0,0
BRDA:140,9,0,1
BRDA:146,10,0,1
BRF:11
BRH:10
end_of_record
TN:
SF:src\store\index.js
FN:5,saveState
FN:14,loadState
FNF:2
FNH:2
FNDA:26,saveState
FNDA:6,loadState
DA:1,6
DA:2,6
DA:3,6
DA:4,6
DA:5,6
DA:6,26
DA:7,26
DA:8,26
DA:9,26
DA:10,0
DA:11,0
DA:12,6
DA:13,6
DA:14,6
DA:15,6
DA:16,6
DA:17,6
DA:18,6
DA:19,0
DA:20,0
DA:21,0
DA:22,6
DA:23,6
DA:24,6
DA:25,6
DA:26,6
DA:27,6
DA:28,6
DA:29,6
DA:30,6
DA:31,6
DA:32,6
DA:33,26
DA:34,6
DA:35,6
DA:36,6
LF:36
LH:31
BRDA:1,0,0,6
BRDA:5,1,0,26
BRDA:9,2,0,0
BRDA:14,3,0,6
BRDA:17,4,0,0
BRDA:18,5,0,0
BRDA:32,6,0,26
BRF:7
BRH:4
end_of_record
TN:
SF:src\store\selectors.js
FN:3,selectViewMode
FN:4,selectSortState
FN:5,selectPaginationState
FN:6,selectSearchQuery
FN:7,selectAllEmployees
FN:8,selectEmployeeById
FNF:6
FNH:6
FNDA:7,selectViewMode
FNDA:4,selectSortState
FNDA:12,selectPaginationState
FNDA:4,selectSearchQuery
FNDA:6,selectAllEmployees
FNDA:3,selectEmployeeById
DA:1,3
DA:2,3
DA:3,3
DA:4,3
DA:5,3
DA:6,3
DA:7,3
DA:8,3
DA:9,3
DA:10,3
DA:11,3
DA:12,3
DA:13,3
DA:14,1
DA:15,1
DA:16,24
DA:17,24
DA:18,24
DA:19,1
DA:20,1
DA:21,3
DA:22,3
DA:23,3
DA:24,3
DA:25,3
DA:26,1
DA:27,23
DA:28,23
DA:29,23
DA:30,23
DA:31,23
DA:32,0
DA:33,1
DA:34,1
DA:35,3
DA:36,3
DA:37,3
DA:38,3
DA:39,3
DA:40,1
DA:41,1
DA:42,1
DA:43,1
DA:44,3
DA:45,3
DA:46,3
DA:47,3
DA:48,3
DA:49,3
DA:50,3
DA:51,3
DA:52,3
DA:53,1
DA:54,1
DA:55,3
LF:55
LH:54
BRDA:1,0,0,3
BRDA:8,1,0,5
BRDA:8,2,0,5
BRDA:9,3,0,5
BRDA:7,4,0,7
BRDA:3,5,0,9
BRDA:4,6,0,6
BRDA:5,7,0,14
BRDA:6,8,0,6
BRDA:13,9,0,3
BRDA:15,10,0,26
BRDA:17,11,0,218
BRDA:18,12,0,26
BRDA:25,13,0,3
BRDA:26,14,0,25
BRDA:30,15,0,2
BRDA:31,16,0,2
BRDA:32,17,0,2
BRDA:39,18,0,3
BRDA:47,19,0,3
BRDA:52,20,0,3
BRF:21
BRH:21
end_of_record
TN:
SF:src\store\reducers\appReducer.js
FN:22,setSortColumn
FN:30,setViewMode
FN:33,setPage
FN:36,setPageSize
FN:39,setSearchQuery
FN:43,showToast
FN:47,hideToast
FNF:7
FNH:3
FNDA:0,setSortColumn
FNDA:2,setViewMode
FNDA:0,setPage
FNDA:0,setPageSize
FNDA:0,setSearchQuery
FNDA:9,showToast
FNDA:2,hideToast
DA:1,6
DA:2,6
DA:3,6
DA:4,6
DA:5,6
DA:6,6
DA:7,6
DA:8,6
DA:9,6
DA:10,6
DA:11,6
DA:12,6
DA:13,6
DA:14,6
DA:15,6
DA:16,6
DA:17,6
DA:18,6
DA:19,6
DA:20,6
DA:21,6
DA:22,6
DA:23,0
DA:24,0
DA:25,0
DA:26,0
DA:27,0
DA:28,0
DA:29,6
DA:30,6
DA:31,2
DA:32,6
DA:33,6
DA:34,0
DA:35,6
DA:36,6
DA:37,0
DA:38,6
DA:39,6
DA:40,0
DA:41,0
DA:42,6
DA:43,6
DA:44,9
DA:45,9
DA:46,6
DA:47,6
DA:48,2
DA:49,6
DA:50,6
DA:51,6
DA:52,6
DA:53,6
DA:54,6
DA:55,6
LF:55
LH:45
BRDA:1,0,0,6
BRDA:43,1,0,11
BRDA:30,2,0,7
BRDA:47,3,0,7
BRF:4
BRH:4
end_of_record
TN:
SF:src\store\reducers\employeesReducer.js
FN:34,setEmployees
FN:38,addEmployee
FN:42,updateEmployee
FN:48,deleteEmployee
FNF:4
FNH:3
FNDA:8,setEmployees
FNDA:4,addEmployee
FNDA:1,updateEmployee
FNDA:0,deleteEmployee
DA:1,6
DA:2,6
DA:3,6
DA:4,6
DA:5,6
DA:6,6
DA:7,6
DA:8,6
DA:9,6
DA:10,6
DA:11,6
DA:12,6
DA:13,6
DA:14,6
DA:15,6
DA:16,6
DA:17,6
DA:18,6
DA:19,6
DA:20,6
DA:21,6
DA:22,6
DA:23,6
DA:24,6
DA:25,6
DA:26,6
DA:27,6
DA:28,6
DA:29,6
DA:30,6
DA:31,6
DA:32,6
DA:33,6
DA:34,6
DA:35,8
DA:36,8
DA:37,6
DA:38,6
DA:39,4
DA:40,4
DA:41,6
DA:42,6
DA:43,1
DA:44,1
DA:45,0
DA:46,0
DA:47,6
DA:48,6
DA:49,0
DA:50,6
DA:51,6
DA:52,6
DA:53,6
DA:54,6
DA:55,6
DA:56,6
LF:56
LH:53
BRDA:1,0,0,6
BRDA:38,1,0,8
BRDA:42,2,0,6
BRDA:44,3,0,5
BRDA:43,4,0,29
BRDA:34,5,0,13
BRF:6
BRH:6
end_of_record
